[debug] [2019-07-07T15:36:51.486Z] ----------------------------------------------------------------------
[debug] [2019-07-07T15:36:51.488Z] Command:       /usr/local/Cellar/node/12.4.0/bin/node /usr/local/bin/firebase deploy
[debug] [2019-07-07T15:36:51.488Z] CLI Version:   7.0.0
[debug] [2019-07-07T15:36:51.488Z] Platform:      darwin
[debug] [2019-07-07T15:36:51.488Z] Node Version:  v12.4.0
[debug] [2019-07-07T15:36:51.489Z] Time:          Sun Jul 07 2019 18:36:51 GMT+0300 (Eastern European Summer Time)
[debug] [2019-07-07T15:36:51.489Z] ----------------------------------------------------------------------
[debug] 
[debug] [2019-07-07T15:36:51.500Z] > command requires scopes: ["email","openid","https://www.googleapis.com/auth/cloudplatformprojects.readonly","https://www.googleapis.com/auth/firebase","https://www.googleapis.com/auth/cloud-platform"]
[debug] [2019-07-07T15:36:51.500Z] > authorizing via signed-in user
[debug] [2019-07-07T15:36:51.500Z] [iam] checking project port-hostel for permissions ["datastore.indexes.create","datastore.indexes.delete","datastore.indexes.list","datastore.indexes.update","firebase.projects.get","firebasehosting.sites.update","firebaserules.releases.create","firebaserules.releases.update","firebaserules.rulesets.create"]
[debug] [2019-07-07T15:36:51.502Z] > refreshing access token with scopes: ["email","https://www.googleapis.com/auth/cloud-platform","https://www.googleapis.com/auth/cloudplatformprojects.readonly","https://www.googleapis.com/auth/firebase","openid"]
[debug] [2019-07-07T15:36:51.502Z] >>> HTTP REQUEST POST https://www.googleapis.com/oauth2/v3/token  
 <request body omitted>
[debug] [2019-07-07T15:36:51.648Z] <<< HTTP RESPONSE 200
[debug] [2019-07-07T15:36:51.657Z] >>> HTTP REQUEST POST https://cloudresourcemanager.googleapis.com/v1/projects/port-hostel:testIamPermissions  

[debug] [2019-07-07T15:36:52.594Z] <<< HTTP RESPONSE 200
[debug] [2019-07-07T15:36:52.596Z] >>> HTTP REQUEST GET https://firebase.googleapis.com/v1beta1/projects/port-hostel  
 
[debug] [2019-07-07T15:36:52.991Z] <<< HTTP RESPONSE 200
[info] 
[info] === Deploying to 'port-hostel'...
[info] 
[info] i  deploying storage, firestore, hosting
[debug] [2019-07-07T15:36:52.994Z] >>> HTTP REQUEST GET https://appengine.googleapis.com/v1/apps/port-hostel  
 
[debug] [2019-07-07T15:36:54.324Z] <<< HTTP RESPONSE 200
[info] i  storage: checking storage.rules for compilation errors...
[debug] [2019-07-07T15:36:54.329Z] >>> HTTP REQUEST POST https://firebaserules.googleapis.com/v1/projects/port-hostel:test  

[debug] [2019-07-07T15:36:55.451Z] <<< HTTP RESPONSE 200
[info] ✔  storage: rules file storage.rules compiled successfully
[info] i  firestore: checking firestore.rules for compilation errors...
[info] i  firestore: reading indexes from firestore.indexes.json...
[debug] [2019-07-07T15:36:55.456Z] >>> HTTP REQUEST POST https://firebaserules.googleapis.com/v1/projects/port-hostel:test  

[debug] [2019-07-07T15:36:56.489Z] <<< HTTP RESPONSE 200
[info] ✔  firestore: rules file firestore.rules compiled successfully
[debug] [2019-07-07T15:36:56.491Z] >>> HTTP REQUEST POST https://firebasehosting.googleapis.com/v1beta1/sites/port-hostel/versions  

[debug] [2019-07-07T15:36:58.216Z] <<< HTTP RESPONSE 200
[info] i  storage: uploading rules storage.rules...
[debug] [2019-07-07T15:36:58.217Z] >>> HTTP REQUEST POST https://firebaserules.googleapis.com/v1/projects/port-hostel/rulesets  

[debug] [2019-07-07T15:36:59.604Z] <<< HTTP RESPONSE 200
[debug] [2019-07-07T15:36:59.605Z] [rules] created ruleset projects/port-hostel/rulesets/e024342e-9fc5-4c19-b5d9-8f1340651ef2
[info] i  firestore: uploading rules firestore.rules...
[debug] [2019-07-07T15:36:59.607Z] >>> HTTP REQUEST POST https://firebaserules.googleapis.com/v1/projects/port-hostel/rulesets  

[debug] [2019-07-07T15:36:59.607Z] >>> HTTP REQUEST GET https://firestore.googleapis.com/v1beta2/projects/port-hostel/databases/(default)/collectionGroups/-/indexes  
 
[debug] [2019-07-07T15:37:00.160Z] <<< HTTP RESPONSE 200
[debug] [2019-07-07T15:37:00.161Z] >>> HTTP REQUEST GET https://firestore.googleapis.com/v1beta2/projects/port-hostel/databases/(default)/collectionGroups/-/fields?filter=indexConfig.usesAncestorConfig=false  
 
[debug] [2019-07-07T15:37:00.680Z] <<< HTTP RESPONSE 200
[info] ✔  firestore: deployed indexes in firestore.indexes.json successfully
[debug] [2019-07-07T15:37:01.086Z] <<< HTTP RESPONSE 200
[debug] [2019-07-07T15:37:01.086Z] [rules] created ruleset projects/port-hostel/rulesets/d4c0d7d6-87cc-4745-a558-605920b05deb
[info] i  hosting[port-hostel]: beginning deploy...
[info] i  hosting[port-hostel]: found 16 files in build
[debug] [2019-07-07T15:37:01.099Z] [hosting] hash cache [YnVpbGQ] load error: lines is not defined
[debug] [2019-07-07T15:37:01.398Z] [hosting] hash cache [YnVpbGQ] stored for 16 files
[debug] [2019-07-07T15:37:01.398Z] [hosting][hash queue][FINAL]
[debug] [2019-07-07T15:37:01.398Z] >>> HTTP REQUEST POST https://firebasehosting.googleapis.com/v1beta1/sites/port-hostel/versions/fb3edfc9e3e3a13a:populateFiles  
 <request body omitted>
[debug] [2019-07-07T15:37:03.142Z] <<< HTTP RESPONSE 200
[debug] [2019-07-07T15:37:03.148Z] [hosting][populate queue][FINAL]
[debug] [2019-07-07T15:37:03.148Z] [hosting] uploads queued: 10
